2020-06-01 18:46:53.533 +02:00 [INF] my key is 75
2020-06-02 09:48:18.175 +02:00 [INF] my key is 75
2020-06-02 12:52:27.513 +02:00 [INF] my key is 75
2020-06-02 12:54:12.718 +02:00 [INF] my key is 75
2020-06-02 12:56:30.649 +02:00 [INF] my key is 75
2020-06-02 14:24:57.650 +02:00 [INF] my key is 75
2020-06-02 15:26:40.733 +02:00 [INF] my key is 75
2020-06-02 18:18:25.330 +02:00 [INF] my key is 251
2020-06-02 18:25:15.496 +02:00 [ERR] []
System.NullReferenceException: Object reference not set to an instance of an object.
   at DHT.NetworkAdapter.Send() in /Users/twanbolwerk/Documents/dev/project/confidential-messaging/Mobile/NetwerkApplicatie/Main/DHT/DHT/DistributedChordNetwork/NetworkAdapter.cs:line 31
2020-06-02 18:25:20.914 +02:00 [ERR] []
System.NullReferenceException: Object reference not set to an instance of an object.
   at DHT.NetworkAdapter.Send() in /Users/twanbolwerk/Documents/dev/project/confidential-messaging/Mobile/NetwerkApplicatie/Main/DHT/DHT/DistributedChordNetwork/NetworkAdapter.cs:line 31
2020-06-02 18:25:31.077 +02:00 [ERR] []
System.NullReferenceException: Object reference not set to an instance of an object.
   at DHT.NetworkAdapter.Send() in /Users/twanbolwerk/Documents/dev/project/confidential-messaging/Mobile/NetwerkApplicatie/Main/DHT/DHT/DistributedChordNetwork/NetworkAdapter.cs:line 31
2020-06-02 18:25:35.434 +02:00 [ERR] []
System.NullReferenceException: Object reference not set to an instance of an object.
   at DHT.NetworkAdapter.Send() in /Users/twanbolwerk/Documents/dev/project/confidential-messaging/Mobile/NetwerkApplicatie/Main/DHT/DHT/DistributedChordNetwork/NetworkAdapter.cs:line 31
2020-06-02 18:25:42.827 +02:00 [ERR] []
System.NullReferenceException: Object reference not set to an instance of an object.
   at DHT.NetworkAdapter.Send() in /Users/twanbolwerk/Documents/dev/project/confidential-messaging/Mobile/NetwerkApplicatie/Main/DHT/DHT/DistributedChordNetwork/NetworkAdapter.cs:line 31
2020-06-02 18:25:53.157 +02:00 [ERR] []
System.NullReferenceException: Object reference not set to an instance of an object.
   at DHT.NetworkAdapter.Send() in /Users/twanbolwerk/Documents/dev/project/confidential-messaging/Mobile/NetwerkApplicatie/Main/DHT/DHT/DistributedChordNetwork/NetworkAdapter.cs:line 31
2020-06-02 18:25:55.443 +02:00 [ERR] []
System.NullReferenceException: Object reference not set to an instance of an object.
   at DHT.NetworkAdapter.Send() in /Users/twanbolwerk/Documents/dev/project/confidential-messaging/Mobile/NetwerkApplicatie/Main/DHT/DHT/DistributedChordNetwork/NetworkAdapter.cs:line 31
2020-06-02 18:26:03.182 +02:00 [ERR] []
System.NullReferenceException: Object reference not set to an instance of an object.
   at DHT.NetworkAdapter.Send() in /Users/twanbolwerk/Documents/dev/project/confidential-messaging/Mobile/NetwerkApplicatie/Main/DHT/DHT/DistributedChordNetwork/NetworkAdapter.cs:line 31
2020-06-02 18:26:20.921 +02:00 [ERR] []
System.NullReferenceException: Object reference not set to an instance of an object.
   at DHT.NetworkAdapter.Send() in /Users/twanbolwerk/Documents/dev/project/confidential-messaging/Mobile/NetwerkApplicatie/Main/DHT/DHT/DistributedChordNetwork/NetworkAdapter.cs:line 31
2020-06-02 18:26:31.078 +02:00 [ERR] []
System.NullReferenceException: Object reference not set to an instance of an object.
   at DHT.NetworkAdapter.Send() in /Users/twanbolwerk/Documents/dev/project/confidential-messaging/Mobile/NetwerkApplicatie/Main/DHT/DHT/DistributedChordNetwork/NetworkAdapter.cs:line 31
2020-06-02 18:26:35.439 +02:00 [ERR] []
System.NullReferenceException: Object reference not set to an instance of an object.
   at DHT.NetworkAdapter.Send() in /Users/twanbolwerk/Documents/dev/project/confidential-messaging/Mobile/NetwerkApplicatie/Main/DHT/DHT/DistributedChordNetwork/NetworkAdapter.cs:line 31
2020-06-02 18:26:42.825 +02:00 [ERR] []
System.NullReferenceException: Object reference not set to an instance of an object.
   at DHT.NetworkAdapter.Send() in /Users/twanbolwerk/Documents/dev/project/confidential-messaging/Mobile/NetwerkApplicatie/Main/DHT/DHT/DistributedChordNetwork/NetworkAdapter.cs:line 31
2020-06-02 18:26:53.183 +02:00 [ERR] []
System.NullReferenceException: Object reference not set to an instance of an object.
   at DHT.NetworkAdapter.Send() in /Users/twanbolwerk/Documents/dev/project/confidential-messaging/Mobile/NetwerkApplicatie/Main/DHT/DHT/DistributedChordNetwork/NetworkAdapter.cs:line 31
2020-06-02 18:26:53.209 +02:00 [ERR] []
System.NullReferenceException: Object reference not set to an instance of an object.
   at DHT.NetworkAdapter.Send() in /Users/twanbolwerk/Documents/dev/project/confidential-messaging/Mobile/NetwerkApplicatie/Main/DHT/DHT/DistributedChordNetwork/NetworkAdapter.cs:line 31
2020-06-02 18:26:55.436 +02:00 [ERR] []
System.NullReferenceException: Object reference not set to an instance of an object.
   at DHT.NetworkAdapter.Send() in /Users/twanbolwerk/Documents/dev/project/confidential-messaging/Mobile/NetwerkApplicatie/Main/DHT/DHT/DistributedChordNetwork/NetworkAdapter.cs:line 31
2020-06-02 18:27:20.905 +02:00 [ERR] []
System.NullReferenceException: Object reference not set to an instance of an object.
   at DHT.NetworkAdapter.Send() in /Users/twanbolwerk/Documents/dev/project/confidential-messaging/Mobile/NetwerkApplicatie/Main/DHT/DHT/DistributedChordNetwork/NetworkAdapter.cs:line 31
2020-06-02 18:27:31.076 +02:00 [ERR] []
System.NullReferenceException: Object reference not set to an instance of an object.
   at DHT.NetworkAdapter.Send() in /Users/twanbolwerk/Documents/dev/project/confidential-messaging/Mobile/NetwerkApplicatie/Main/DHT/DHT/DistributedChordNetwork/NetworkAdapter.cs:line 31
2020-06-02 18:27:35.442 +02:00 [ERR] []
System.NullReferenceException: Object reference not set to an instance of an object.
   at DHT.NetworkAdapter.Send() in /Users/twanbolwerk/Documents/dev/project/confidential-messaging/Mobile/NetwerkApplicatie/Main/DHT/DHT/DistributedChordNetwork/NetworkAdapter.cs:line 31
2020-06-02 18:27:42.835 +02:00 [ERR] []
System.NullReferenceException: Object reference not set to an instance of an object.
   at DHT.NetworkAdapter.Send() in /Users/twanbolwerk/Documents/dev/project/confidential-messaging/Mobile/NetwerkApplicatie/Main/DHT/DHT/DistributedChordNetwork/NetworkAdapter.cs:line 31
2020-06-02 18:27:53.161 +02:00 [ERR] []
System.NullReferenceException: Object reference not set to an instance of an object.
   at DHT.NetworkAdapter.Send() in /Users/twanbolwerk/Documents/dev/project/confidential-messaging/Mobile/NetwerkApplicatie/Main/DHT/DHT/DistributedChordNetwork/NetworkAdapter.cs:line 31
2020-06-02 18:27:53.204 +02:00 [ERR] []
System.NullReferenceException: Object reference not set to an instance of an object.
   at DHT.NetworkAdapter.Send() in /Users/twanbolwerk/Documents/dev/project/confidential-messaging/Mobile/NetwerkApplicatie/Main/DHT/DHT/DistributedChordNetwork/NetworkAdapter.cs:line 31
2020-06-02 18:27:53.231 +02:00 [ERR] []
System.NullReferenceException: Object reference not set to an instance of an object.
   at DHT.NetworkAdapter.Send() in /Users/twanbolwerk/Documents/dev/project/confidential-messaging/Mobile/NetwerkApplicatie/Main/DHT/DHT/DistributedChordNetwork/NetworkAdapter.cs:line 31
2020-06-02 18:28:20.931 +02:00 [ERR] []
System.NullReferenceException: Object reference not set to an instance of an object.
   at DHT.NetworkAdapter.Send() in /Users/twanbolwerk/Documents/dev/project/confidential-messaging/Mobile/NetwerkApplicatie/Main/DHT/DHT/DistributedChordNetwork/NetworkAdapter.cs:line 31
2020-06-02 18:28:31.092 +02:00 [ERR] []
System.NullReferenceException: Object reference not set to an instance of an object.
   at DHT.NetworkAdapter.Send() in /Users/twanbolwerk/Documents/dev/project/confidential-messaging/Mobile/NetwerkApplicatie/Main/DHT/DHT/DistributedChordNetwork/NetworkAdapter.cs:line 31
2020-06-02 18:28:35.451 +02:00 [ERR] []
System.NullReferenceException: Object reference not set to an instance of an object.
   at DHT.NetworkAdapter.Send() in /Users/twanbolwerk/Documents/dev/project/confidential-messaging/Mobile/NetwerkApplicatie/Main/DHT/DHT/DistributedChordNetwork/NetworkAdapter.cs:line 31
2020-06-02 18:28:42.855 +02:00 [ERR] []
System.NullReferenceException: Object reference not set to an instance of an object.
   at DHT.NetworkAdapter.Send() in /Users/twanbolwerk/Documents/dev/project/confidential-messaging/Mobile/NetwerkApplicatie/Main/DHT/DHT/DistributedChordNetwork/NetworkAdapter.cs:line 31
2020-06-02 18:28:53.172 +02:00 [ERR] []
System.NullReferenceException: Object reference not set to an instance of an object.
   at DHT.NetworkAdapter.Send() in /Users/twanbolwerk/Documents/dev/project/confidential-messaging/Mobile/NetwerkApplicatie/Main/DHT/DHT/DistributedChordNetwork/NetworkAdapter.cs:line 31
2020-06-02 18:28:53.246 +02:00 [ERR] []
System.NullReferenceException: Object reference not set to an instance of an object.
   at DHT.NetworkAdapter.Send() in /Users/twanbolwerk/Documents/dev/project/confidential-messaging/Mobile/NetwerkApplicatie/Main/DHT/DHT/DistributedChordNetwork/NetworkAdapter.cs:line 31
2020-06-02 18:28:55.456 +02:00 [ERR] []
System.NullReferenceException: Object reference not set to an instance of an object.
   at DHT.NetworkAdapter.Send() in /Users/twanbolwerk/Documents/dev/project/confidential-messaging/Mobile/NetwerkApplicatie/Main/DHT/DHT/DistributedChordNetwork/NetworkAdapter.cs:line 31
2020-06-02 18:29:49.168 +02:00 [INF] my key is 251
2020-06-02 18:33:17.989 +02:00 [INF] my key is 251
2020-06-04 14:55:38.421 +02:00 [INF] my key is 251
2020-06-04 15:03:18.191 +02:00 [INF] my key is 251
2020-06-04 23:40:04.530 +02:00 [INF] my key is 251
2020-06-05 14:34:50.195 +02:00 [INF] my key is 251
2020-06-05 14:58:48.186 +02:00 [INF] my key is 251
2020-06-05 15:05:45.378 +02:00 [INF] my key is 251
2020-06-05 15:10:41.378 +02:00 [INF] my key is 251
2020-06-05 15:46:29.246 +02:00 [INF] my key is 251
2020-06-05 15:46:50.433 +02:00 [INF] my key is 251
2020-06-05 17:02:39.252 +02:00 [INF] my key is 251
2020-06-05 17:19:06.508 +02:00 [INF] my key is 251
2020-06-05 17:20:12.989 +02:00 [INF] my key is 251
2020-06-05 17:20:58.562 +02:00 [INF] my key is 251
2020-06-05 17:21:54.155 +02:00 [INF] my key is 251
2020-06-05 17:45:42.804 +02:00 [INF] my key is 204
2020-06-05 17:47:01.704 +02:00 [INF] my key is 204
2020-06-05 17:47:39.884 +02:00 [INF] my key is 204
2020-06-05 17:50:32.711 +02:00 [INF] my key is 204
2020-06-05 17:51:24.506 +02:00 [INF] my key is 204
2020-06-05 21:32:24.177 +02:00 [INF] my key is 204
2020-06-05 21:34:37.658 +02:00 [INF] my key is 204
2020-06-05 21:34:40.679 +02:00 [ERR] System.Action[]
System.NullReferenceException: Object reference not set to an instance of an object.
   at DHT.NetworkAdapter.Send() in /Users/twanbolwerk/Documents/dev/project/confidential-messaging/Mobile/NetwerkApplicatie/Main/DHT/DHT/DistributedChordNetwork/NetworkAdapter.cs:line 38
2020-06-05 21:36:20.049 +02:00 [INF] my key is 204
2020-06-05 21:36:23.070 +02:00 [ERR] System.Action[]
System.NullReferenceException: Object reference not set to an instance of an object.
   at DHT.NetworkAdapter.Send() in /Users/twanbolwerk/Documents/dev/project/confidential-messaging/Mobile/NetwerkApplicatie/Main/DHT/DHT/DistributedChordNetwork/NetworkAdapter.cs:line 38
2020-06-05 21:39:05.149 +02:00 [ERR] System.Action[]
System.NullReferenceException: Object reference not set to an instance of an object.
   at DHT.NetworkAdapter.Send() in /Users/twanbolwerk/Documents/dev/project/confidential-messaging/Mobile/NetwerkApplicatie/Main/DHT/DHT/DistributedChordNetwork/NetworkAdapter.cs:line 38
2020-06-05 21:39:11.155 +02:00 [ERR] System.Action[]
System.NullReferenceException: Object reference not set to an instance of an object.
   at DHT.NetworkAdapter.Send() in /Users/twanbolwerk/Documents/dev/project/confidential-messaging/Mobile/NetwerkApplicatie/Main/DHT/DHT/DistributedChordNetwork/NetworkAdapter.cs:line 38
2020-06-05 21:39:29.178 +02:00 [ERR] System.Action[]
System.NullReferenceException: Object reference not set to an instance of an object.
   at DHT.NetworkAdapter.Send() in /Users/twanbolwerk/Documents/dev/project/confidential-messaging/Mobile/NetwerkApplicatie/Main/DHT/DHT/DistributedChordNetwork/NetworkAdapter.cs:line 38
2020-06-05 21:39:47.182 +02:00 [ERR] System.Action[]
System.NullReferenceException: Object reference not set to an instance of an object.
   at DHT.NetworkAdapter.Send() in /Users/twanbolwerk/Documents/dev/project/confidential-messaging/Mobile/NetwerkApplicatie/Main/DHT/DHT/DistributedChordNetwork/NetworkAdapter.cs:line 38
2020-06-05 21:40:05.192 +02:00 [ERR] System.Action[]
System.NullReferenceException: Object reference not set to an instance of an object.
   at DHT.NetworkAdapter.Send() in /Users/twanbolwerk/Documents/dev/project/confidential-messaging/Mobile/NetwerkApplicatie/Main/DHT/DHT/DistributedChordNetwork/NetworkAdapter.cs:line 38
2020-06-05 21:40:10.788 +02:00 [ERR] System.Action[]
System.NullReferenceException: Object reference not set to an instance of an object.
   at DHT.NetworkAdapter.Send() in /Users/twanbolwerk/Documents/dev/project/confidential-messaging/Mobile/NetwerkApplicatie/Main/DHT/DHT/DistributedChordNetwork/NetworkAdapter.cs:line 38
2020-06-05 21:40:23.210 +02:00 [ERR] System.Action[]
System.NullReferenceException: Object reference not set to an instance of an object.
   at DHT.NetworkAdapter.Send() in /Users/twanbolwerk/Documents/dev/project/confidential-messaging/Mobile/NetwerkApplicatie/Main/DHT/DHT/DistributedChordNetwork/NetworkAdapter.cs:line 38
2020-06-05 21:40:41.214 +02:00 [ERR] System.Action[]
System.NullReferenceException: Object reference not set to an instance of an object.
   at DHT.NetworkAdapter.Send() in /Users/twanbolwerk/Documents/dev/project/confidential-messaging/Mobile/NetwerkApplicatie/Main/DHT/DHT/DistributedChordNetwork/NetworkAdapter.cs:line 38
2020-06-05 21:40:59.217 +02:00 [ERR] System.Action[]
System.NullReferenceException: Object reference not set to an instance of an object.
   at DHT.NetworkAdapter.Send() in /Users/twanbolwerk/Documents/dev/project/confidential-messaging/Mobile/NetwerkApplicatie/Main/DHT/DHT/DistributedChordNetwork/NetworkAdapter.cs:line 38
2020-06-05 21:41:17.226 +02:00 [ERR] System.Action[]
System.NullReferenceException: Object reference not set to an instance of an object.
   at DHT.NetworkAdapter.Send() in /Users/twanbolwerk/Documents/dev/project/confidential-messaging/Mobile/NetwerkApplicatie/Main/DHT/DHT/DistributedChordNetwork/NetworkAdapter.cs:line 38
2020-06-05 21:41:35.236 +02:00 [ERR] System.Action[]
System.NullReferenceException: Object reference not set to an instance of an object.
   at DHT.NetworkAdapter.Send() in /Users/twanbolwerk/Documents/dev/project/confidential-messaging/Mobile/NetwerkApplicatie/Main/DHT/DHT/DistributedChordNetwork/NetworkAdapter.cs:line 38
2020-06-05 21:41:53.237 +02:00 [ERR] System.Action[]
System.NullReferenceException: Object reference not set to an instance of an object.
   at DHT.NetworkAdapter.Send() in /Users/twanbolwerk/Documents/dev/project/confidential-messaging/Mobile/NetwerkApplicatie/Main/DHT/DHT/DistributedChordNetwork/NetworkAdapter.cs:line 38
2020-06-05 21:42:11.245 +02:00 [ERR] System.Action[]
System.NullReferenceException: Object reference not set to an instance of an object.
   at DHT.NetworkAdapter.Send() in /Users/twanbolwerk/Documents/dev/project/confidential-messaging/Mobile/NetwerkApplicatie/Main/DHT/DHT/DistributedChordNetwork/NetworkAdapter.cs:line 38
2020-06-05 21:42:24.771 +02:00 [INF] my key is 204
2020-06-05 21:45:29.062 +02:00 [INF] my key is 204
2020-06-05 21:50:00.810 +02:00 [INF] my key is 204
2020-06-05 21:54:04.801 +02:00 [INF] my key is 204
2020-06-05 21:57:09.440 +02:00 [INF] my key is 204
2020-06-05 22:00:25.585 +02:00 [INF] my key is 204
2020-06-05 22:00:28.627 +02:00 [ERR] System.Action[]
System.NullReferenceException: Object reference not set to an instance of an object.
   at DHT.NetworkAdapter.Send() in /Users/twanbolwerk/Documents/dev/project/confidential-messaging/Mobile/NetwerkApplicatie/Main/DHT/DHT/DistributedChordNetwork/NetworkAdapter.cs:line 38
2020-06-05 22:00:38.862 +02:00 [INF] my key is 204
2020-06-06 10:00:34.481 +02:00 [INF] my key is 204
2020-06-06 10:11:45.146 +02:00 [INF] my key is 204
