2020-06-02 11:47:59.747 +02:00 [INF] my key is 280
2020-06-02 18:14:39.852 +02:00 [INF] my key is 340
2020-06-03 15:52:12.467 +02:00 [INF] my key is 340
2020-06-03 15:52:17.602 +02:00 [ERR] Connection timed out
System.Exception: Connection timed out
   at RelaySocket.MessageSocket.Connect(IPEndPoint endpoint) in /Users/twanbolwerk/Documents/dev/project/confidential-messaging/Mobile/NetwerkApplicatie/Main/DHT/DHT/DistributedChordNetwork/MessageSocket.cs:line 76
   at DHT.DhtRelayServiceAdapter.Connect(NodeDto connectingNode) in /Users/twanbolwerk/Documents/dev/project/confidential-messaging/Mobile/NetwerkApplicatie/Main/DHT/DHT/DistributedChordNetwork/DhtRelayServiceAdapter.cs:line 47
2020-06-03 15:52:27.470 +02:00 [ERR] Connection timed out
System.Exception: Connection timed out
   at RelaySocket.MessageSocket.Connect(IPEndPoint endpoint) in /Users/twanbolwerk/Documents/dev/project/confidential-messaging/Mobile/NetwerkApplicatie/Main/DHT/DHT/DistributedChordNetwork/MessageSocket.cs:line 76
   at DHT.DhtRelayServiceAdapter.Connect(NodeDto connectingNode) in /Users/twanbolwerk/Documents/dev/project/confidential-messaging/Mobile/NetwerkApplicatie/Main/DHT/DHT/DistributedChordNetwork/DhtRelayServiceAdapter.cs:line 47
2020-06-03 15:53:02.478 +02:00 [ERR] Object reference not set to an instance of an object.
System.NullReferenceException: Object reference not set to an instance of an object.
   at DHT.DhtRelayServiceAdapter.Connect(NodeDto connectingNode) in /Users/twanbolwerk/Documents/dev/project/confidential-messaging/Mobile/NetwerkApplicatie/Main/DHT/DHT/DistributedChordNetwork/DhtRelayServiceAdapter.cs:line 46
2020-06-03 15:53:02.517 +02:00 [ERR] Object reference not set to an instance of an object.
System.NullReferenceException: Object reference not set to an instance of an object.
   at DHT.DhtRelayServiceAdapter.Connect(NodeDto connectingNode) in /Users/twanbolwerk/Documents/dev/project/confidential-messaging/Mobile/NetwerkApplicatie/Main/DHT/DHT/DistributedChordNetwork/DhtRelayServiceAdapter.cs:line 46
2020-06-03 15:53:02.538 +02:00 [ERR] Object reference not set to an instance of an object.
System.NullReferenceException: Object reference not set to an instance of an object.
   at DHT.DhtRelayServiceAdapter.Connect(NodeDto connectingNode) in /Users/twanbolwerk/Documents/dev/project/confidential-messaging/Mobile/NetwerkApplicatie/Main/DHT/DHT/DistributedChordNetwork/DhtRelayServiceAdapter.cs:line 46
2020-06-03 15:53:02.564 +02:00 [ERR] Object reference not set to an instance of an object.
System.NullReferenceException: Object reference not set to an instance of an object.
   at DHT.DhtRelayServiceAdapter.Connect(NodeDto connectingNode) in /Users/twanbolwerk/Documents/dev/project/confidential-messaging/Mobile/NetwerkApplicatie/Main/DHT/DHT/DistributedChordNetwork/DhtRelayServiceAdapter.cs:line 46
2020-06-03 15:53:02.587 +02:00 [ERR] Object reference not set to an instance of an object.
System.NullReferenceException: Object reference not set to an instance of an object.
   at DHT.DhtRelayServiceAdapter.Connect(NodeDto connectingNode) in /Users/twanbolwerk/Documents/dev/project/confidential-messaging/Mobile/NetwerkApplicatie/Main/DHT/DHT/DistributedChordNetwork/DhtRelayServiceAdapter.cs:line 46
2020-06-03 15:53:02.609 +02:00 [ERR] Object reference not set to an instance of an object.
System.NullReferenceException: Object reference not set to an instance of an object.
   at DHT.DhtRelayServiceAdapter.Connect(NodeDto connectingNode) in /Users/twanbolwerk/Documents/dev/project/confidential-messaging/Mobile/NetwerkApplicatie/Main/DHT/DHT/DistributedChordNetwork/DhtRelayServiceAdapter.cs:line 46
2020-06-03 15:53:02.634 +02:00 [ERR] Object reference not set to an instance of an object.
System.NullReferenceException: Object reference not set to an instance of an object.
   at DHT.DhtRelayServiceAdapter.Connect(NodeDto connectingNode) in /Users/twanbolwerk/Documents/dev/project/confidential-messaging/Mobile/NetwerkApplicatie/Main/DHT/DHT/DistributedChordNetwork/DhtRelayServiceAdapter.cs:line 46
2020-06-03 15:53:02.658 +02:00 [ERR] Object reference not set to an instance of an object.
System.NullReferenceException: Object reference not set to an instance of an object.
   at DHT.DhtRelayServiceAdapter.Connect(NodeDto connectingNode) in /Users/twanbolwerk/Documents/dev/project/confidential-messaging/Mobile/NetwerkApplicatie/Main/DHT/DHT/DistributedChordNetwork/DhtRelayServiceAdapter.cs:line 46
2020-06-03 15:53:27.483 +02:00 [ERR] Connection timed out
System.Exception: Connection timed out
   at RelaySocket.MessageSocket.Connect(IPEndPoint endpoint) in /Users/twanbolwerk/Documents/dev/project/confidential-messaging/Mobile/NetwerkApplicatie/Main/DHT/DHT/DistributedChordNetwork/MessageSocket.cs:line 76
   at DHT.DhtRelayServiceAdapter.Connect(NodeDto connectingNode) in /Users/twanbolwerk/Documents/dev/project/confidential-messaging/Mobile/NetwerkApplicatie/Main/DHT/DHT/DistributedChordNetwork/DhtRelayServiceAdapter.cs:line 47
2020-06-03 15:55:45.008 +02:00 [INF] my key is 340
2020-06-03 15:55:50.131 +02:00 [ERR] Connection timed out
System.Exception: Connection timed out
   at RelaySocket.MessageSocket.Connect(IPEndPoint endpoint) in /Users/twanbolwerk/Documents/dev/project/confidential-messaging/Mobile/NetwerkApplicatie/Main/DHT/DHT/DistributedChordNetwork/MessageSocket.cs:line 76
   at DHT.DhtRelayServiceAdapter.Connect(NodeDto connectingNode) in /Users/twanbolwerk/Documents/dev/project/confidential-messaging/Mobile/NetwerkApplicatie/Main/DHT/DHT/DistributedChordNetwork/DhtRelayServiceAdapter.cs:line 47
2020-06-03 15:56:53.661 +02:00 [INF] my key is 340
2020-06-03 15:57:48.668 +02:00 [ERR] Connection timed out
System.Exception: Connection timed out
   at RelaySocket.MessageSocket.Connect(IPEndPoint endpoint) in /Users/twanbolwerk/Documents/dev/project/confidential-messaging/Mobile/NetwerkApplicatie/Main/DHT/DHT/DistributedChordNetwork/MessageSocket.cs:line 76
   at DHT.DhtRelayServiceAdapter.Connect(NodeDto connectingNode) in /Users/twanbolwerk/Documents/dev/project/confidential-messaging/Mobile/NetwerkApplicatie/Main/DHT/DHT/DistributedChordNetwork/DhtRelayServiceAdapter.cs:line 47
2020-06-03 15:57:53.793 +02:00 [ERR] Connection timed out
System.Exception: Connection timed out
   at RelaySocket.MessageSocket.Connect(IPEndPoint endpoint) in /Users/twanbolwerk/Documents/dev/project/confidential-messaging/Mobile/NetwerkApplicatie/Main/DHT/DHT/DistributedChordNetwork/MessageSocket.cs:line 76
   at DHT.DhtRelayServiceAdapter.Connect(NodeDto connectingNode) in /Users/twanbolwerk/Documents/dev/project/confidential-messaging/Mobile/NetwerkApplicatie/Main/DHT/DHT/DistributedChordNetwork/DhtRelayServiceAdapter.cs:line 47
2020-06-03 15:57:58.848 +02:00 [ERR] Connection timed out
System.Exception: Connection timed out
   at RelaySocket.MessageSocket.Connect(IPEndPoint endpoint) in /Users/twanbolwerk/Documents/dev/project/confidential-messaging/Mobile/NetwerkApplicatie/Main/DHT/DHT/DistributedChordNetwork/MessageSocket.cs:line 76
   at DHT.DhtRelayServiceAdapter.Connect(NodeDto connectingNode) in /Users/twanbolwerk/Documents/dev/project/confidential-messaging/Mobile/NetwerkApplicatie/Main/DHT/DHT/DistributedChordNetwork/DhtRelayServiceAdapter.cs:line 47
2020-06-03 15:58:03.895 +02:00 [ERR] Connection timed out
System.Exception: Connection timed out
   at RelaySocket.MessageSocket.Connect(IPEndPoint endpoint) in /Users/twanbolwerk/Documents/dev/project/confidential-messaging/Mobile/NetwerkApplicatie/Main/DHT/DHT/DistributedChordNetwork/MessageSocket.cs:line 76
   at DHT.DhtRelayServiceAdapter.Connect(NodeDto connectingNode) in /Users/twanbolwerk/Documents/dev/project/confidential-messaging/Mobile/NetwerkApplicatie/Main/DHT/DHT/DistributedChordNetwork/DhtRelayServiceAdapter.cs:line 47
2020-06-03 15:58:08.939 +02:00 [ERR] Connection timed out
System.Exception: Connection timed out
   at RelaySocket.MessageSocket.Connect(IPEndPoint endpoint) in /Users/twanbolwerk/Documents/dev/project/confidential-messaging/Mobile/NetwerkApplicatie/Main/DHT/DHT/DistributedChordNetwork/MessageSocket.cs:line 76
   at DHT.DhtRelayServiceAdapter.Connect(NodeDto connectingNode) in /Users/twanbolwerk/Documents/dev/project/confidential-messaging/Mobile/NetwerkApplicatie/Main/DHT/DHT/DistributedChordNetwork/DhtRelayServiceAdapter.cs:line 47
2020-06-03 15:58:13.981 +02:00 [ERR] Connection timed out
System.Exception: Connection timed out
   at RelaySocket.MessageSocket.Connect(IPEndPoint endpoint) in /Users/twanbolwerk/Documents/dev/project/confidential-messaging/Mobile/NetwerkApplicatie/Main/DHT/DHT/DistributedChordNetwork/MessageSocket.cs:line 76
   at DHT.DhtRelayServiceAdapter.Connect(NodeDto connectingNode) in /Users/twanbolwerk/Documents/dev/project/confidential-messaging/Mobile/NetwerkApplicatie/Main/DHT/DHT/DistributedChordNetwork/DhtRelayServiceAdapter.cs:line 47
2020-06-03 15:58:19.016 +02:00 [ERR] Connection timed out
System.Exception: Connection timed out
   at RelaySocket.MessageSocket.Connect(IPEndPoint endpoint) in /Users/twanbolwerk/Documents/dev/project/confidential-messaging/Mobile/NetwerkApplicatie/Main/DHT/DHT/DistributedChordNetwork/MessageSocket.cs:line 76
   at DHT.DhtRelayServiceAdapter.Connect(NodeDto connectingNode) in /Users/twanbolwerk/Documents/dev/project/confidential-messaging/Mobile/NetwerkApplicatie/Main/DHT/DHT/DistributedChordNetwork/DhtRelayServiceAdapter.cs:line 47
2020-06-03 15:58:24.040 +02:00 [ERR] Connection timed out
System.Exception: Connection timed out
   at RelaySocket.MessageSocket.Connect(IPEndPoint endpoint) in /Users/twanbolwerk/Documents/dev/project/confidential-messaging/Mobile/NetwerkApplicatie/Main/DHT/DHT/DistributedChordNetwork/MessageSocket.cs:line 76
   at DHT.DhtRelayServiceAdapter.Connect(NodeDto connectingNode) in /Users/twanbolwerk/Documents/dev/project/confidential-messaging/Mobile/NetwerkApplicatie/Main/DHT/DHT/DistributedChordNetwork/DhtRelayServiceAdapter.cs:line 47
2020-06-03 15:58:29.061 +02:00 [ERR] Connection timed out
System.Exception: Connection timed out
   at RelaySocket.MessageSocket.Connect(IPEndPoint endpoint) in /Users/twanbolwerk/Documents/dev/project/confidential-messaging/Mobile/NetwerkApplicatie/Main/DHT/DHT/DistributedChordNetwork/MessageSocket.cs:line 76
   at DHT.DhtRelayServiceAdapter.Connect(NodeDto connectingNode) in /Users/twanbolwerk/Documents/dev/project/confidential-messaging/Mobile/NetwerkApplicatie/Main/DHT/DHT/DistributedChordNetwork/DhtRelayServiceAdapter.cs:line 47
2020-06-03 15:58:34.072 +02:00 [ERR] Connection timed out
System.Exception: Connection timed out
   at RelaySocket.MessageSocket.Connect(IPEndPoint endpoint) in /Users/twanbolwerk/Documents/dev/project/confidential-messaging/Mobile/NetwerkApplicatie/Main/DHT/DHT/DistributedChordNetwork/MessageSocket.cs:line 76
   at DHT.DhtRelayServiceAdapter.Connect(NodeDto connectingNode) in /Users/twanbolwerk/Documents/dev/project/confidential-messaging/Mobile/NetwerkApplicatie/Main/DHT/DHT/DistributedChordNetwork/DhtRelayServiceAdapter.cs:line 47
2020-06-03 15:58:39.143 +02:00 [ERR] Connection timed out
System.Exception: Connection timed out
   at RelaySocket.MessageSocket.Connect(IPEndPoint endpoint) in /Users/twanbolwerk/Documents/dev/project/confidential-messaging/Mobile/NetwerkApplicatie/Main/DHT/DHT/DistributedChordNetwork/MessageSocket.cs:line 76
   at DHT.DhtRelayServiceAdapter.Connect(NodeDto connectingNode) in /Users/twanbolwerk/Documents/dev/project/confidential-messaging/Mobile/NetwerkApplicatie/Main/DHT/DHT/DistributedChordNetwork/DhtRelayServiceAdapter.cs:line 47
2020-06-03 15:58:48.714 +02:00 [ERR] Connection timed out
System.Exception: Connection timed out
   at RelaySocket.MessageSocket.Connect(IPEndPoint endpoint) in /Users/twanbolwerk/Documents/dev/project/confidential-messaging/Mobile/NetwerkApplicatie/Main/DHT/DHT/DistributedChordNetwork/MessageSocket.cs:line 76
   at DHT.DhtRelayServiceAdapter.Connect(NodeDto connectingNode) in /Users/twanbolwerk/Documents/dev/project/confidential-messaging/Mobile/NetwerkApplicatie/Main/DHT/DHT/DistributedChordNetwork/DhtRelayServiceAdapter.cs:line 47
2020-06-03 15:58:53.735 +02:00 [ERR] Connection timed out
System.Exception: Connection timed out
   at RelaySocket.MessageSocket.Connect(IPEndPoint endpoint) in /Users/twanbolwerk/Documents/dev/project/confidential-messaging/Mobile/NetwerkApplicatie/Main/DHT/DHT/DistributedChordNetwork/MessageSocket.cs:line 76
   at DHT.DhtRelayServiceAdapter.Connect(NodeDto connectingNode) in /Users/twanbolwerk/Documents/dev/project/confidential-messaging/Mobile/NetwerkApplicatie/Main/DHT/DHT/DistributedChordNetwork/DhtRelayServiceAdapter.cs:line 47
2020-06-03 15:58:58.759 +02:00 [ERR] Connection timed out
System.Exception: Connection timed out
   at RelaySocket.MessageSocket.Connect(IPEndPoint endpoint) in /Users/twanbolwerk/Documents/dev/project/confidential-messaging/Mobile/NetwerkApplicatie/Main/DHT/DHT/DistributedChordNetwork/MessageSocket.cs:line 76
   at DHT.DhtRelayServiceAdapter.Connect(NodeDto connectingNode) in /Users/twanbolwerk/Documents/dev/project/confidential-messaging/Mobile/NetwerkApplicatie/Main/DHT/DHT/DistributedChordNetwork/DhtRelayServiceAdapter.cs:line 47
2020-06-03 15:59:03.798 +02:00 [ERR] Connection timed out
System.Exception: Connection timed out
   at RelaySocket.MessageSocket.Connect(IPEndPoint endpoint) in /Users/twanbolwerk/Documents/dev/project/confidential-messaging/Mobile/NetwerkApplicatie/Main/DHT/DHT/DistributedChordNetwork/MessageSocket.cs:line 76
   at DHT.DhtRelayServiceAdapter.Connect(NodeDto connectingNode) in /Users/twanbolwerk/Documents/dev/project/confidential-messaging/Mobile/NetwerkApplicatie/Main/DHT/DHT/DistributedChordNetwork/DhtRelayServiceAdapter.cs:line 47
2020-06-03 15:59:08.806 +02:00 [ERR] Connection timed out
System.Exception: Connection timed out
   at RelaySocket.MessageSocket.Connect(IPEndPoint endpoint) in /Users/twanbolwerk/Documents/dev/project/confidential-messaging/Mobile/NetwerkApplicatie/Main/DHT/DHT/DistributedChordNetwork/MessageSocket.cs:line 76
   at DHT.DhtRelayServiceAdapter.Connect(NodeDto connectingNode) in /Users/twanbolwerk/Documents/dev/project/confidential-messaging/Mobile/NetwerkApplicatie/Main/DHT/DHT/DistributedChordNetwork/DhtRelayServiceAdapter.cs:line 47
2020-06-03 15:59:13.855 +02:00 [ERR] Connection timed out
System.Exception: Connection timed out
   at RelaySocket.MessageSocket.Connect(IPEndPoint endpoint) in /Users/twanbolwerk/Documents/dev/project/confidential-messaging/Mobile/NetwerkApplicatie/Main/DHT/DHT/DistributedChordNetwork/MessageSocket.cs:line 76
   at DHT.DhtRelayServiceAdapter.Connect(NodeDto connectingNode) in /Users/twanbolwerk/Documents/dev/project/confidential-messaging/Mobile/NetwerkApplicatie/Main/DHT/DHT/DistributedChordNetwork/DhtRelayServiceAdapter.cs:line 47
2020-06-03 15:59:18.877 +02:00 [ERR] Connection timed out
System.Exception: Connection timed out
   at RelaySocket.MessageSocket.Connect(IPEndPoint endpoint) in /Users/twanbolwerk/Documents/dev/project/confidential-messaging/Mobile/NetwerkApplicatie/Main/DHT/DHT/DistributedChordNetwork/MessageSocket.cs:line 76
   at DHT.DhtRelayServiceAdapter.Connect(NodeDto connectingNode) in /Users/twanbolwerk/Documents/dev/project/confidential-messaging/Mobile/NetwerkApplicatie/Main/DHT/DHT/DistributedChordNetwork/DhtRelayServiceAdapter.cs:line 47
2020-06-03 15:59:23.901 +02:00 [ERR] Connection timed out
System.Exception: Connection timed out
   at RelaySocket.MessageSocket.Connect(IPEndPoint endpoint) in /Users/twanbolwerk/Documents/dev/project/confidential-messaging/Mobile/NetwerkApplicatie/Main/DHT/DHT/DistributedChordNetwork/MessageSocket.cs:line 76
   at DHT.DhtRelayServiceAdapter.Connect(NodeDto connectingNode) in /Users/twanbolwerk/Documents/dev/project/confidential-messaging/Mobile/NetwerkApplicatie/Main/DHT/DHT/DistributedChordNetwork/DhtRelayServiceAdapter.cs:line 47
2020-06-03 15:59:29.105 +02:00 [ERR] Connection timed out
System.Exception: Connection timed out
   at RelaySocket.MessageSocket.Connect(IPEndPoint endpoint) in /Users/twanbolwerk/Documents/dev/project/confidential-messaging/Mobile/NetwerkApplicatie/Main/DHT/DHT/DistributedChordNetwork/MessageSocket.cs:line 76
   at DHT.DhtRelayServiceAdapter.Connect(NodeDto connectingNode) in /Users/twanbolwerk/Documents/dev/project/confidential-messaging/Mobile/NetwerkApplicatie/Main/DHT/DHT/DistributedChordNetwork/DhtRelayServiceAdapter.cs:line 47
2020-06-03 15:59:34.128 +02:00 [ERR] Connection timed out
System.Exception: Connection timed out
   at RelaySocket.MessageSocket.Connect(IPEndPoint endpoint) in /Users/twanbolwerk/Documents/dev/project/confidential-messaging/Mobile/NetwerkApplicatie/Main/DHT/DHT/DistributedChordNetwork/MessageSocket.cs:line 76
   at DHT.DhtRelayServiceAdapter.Connect(NodeDto connectingNode) in /Users/twanbolwerk/Documents/dev/project/confidential-messaging/Mobile/NetwerkApplicatie/Main/DHT/DHT/DistributedChordNetwork/DhtRelayServiceAdapter.cs:line 47
2020-06-03 15:59:39.150 +02:00 [ERR] Connection timed out
System.Exception: Connection timed out
   at RelaySocket.MessageSocket.Connect(IPEndPoint endpoint) in /Users/twanbolwerk/Documents/dev/project/confidential-messaging/Mobile/NetwerkApplicatie/Main/DHT/DHT/DistributedChordNetwork/MessageSocket.cs:line 76
   at DHT.DhtRelayServiceAdapter.Connect(NodeDto connectingNode) in /Users/twanbolwerk/Documents/dev/project/confidential-messaging/Mobile/NetwerkApplicatie/Main/DHT/DHT/DistributedChordNetwork/DhtRelayServiceAdapter.cs:line 47
2020-06-03 15:59:44.158 +02:00 [ERR] Connection timed out
System.Exception: Connection timed out
   at RelaySocket.MessageSocket.Connect(IPEndPoint endpoint) in /Users/twanbolwerk/Documents/dev/project/confidential-messaging/Mobile/NetwerkApplicatie/Main/DHT/DHT/DistributedChordNetwork/MessageSocket.cs:line 76
   at DHT.DhtRelayServiceAdapter.Connect(NodeDto connectingNode) in /Users/twanbolwerk/Documents/dev/project/confidential-messaging/Mobile/NetwerkApplicatie/Main/DHT/DHT/DistributedChordNetwork/DhtRelayServiceAdapter.cs:line 47
2020-06-03 15:59:49.195 +02:00 [ERR] Connection timed out
System.Exception: Connection timed out
   at RelaySocket.MessageSocket.Connect(IPEndPoint endpoint) in /Users/twanbolwerk/Documents/dev/project/confidential-messaging/Mobile/NetwerkApplicatie/Main/DHT/DHT/DistributedChordNetwork/MessageSocket.cs:line 76
   at DHT.DhtRelayServiceAdapter.Connect(NodeDto connectingNode) in /Users/twanbolwerk/Documents/dev/project/confidential-messaging/Mobile/NetwerkApplicatie/Main/DHT/DHT/DistributedChordNetwork/DhtRelayServiceAdapter.cs:line 47
2020-06-03 16:00:00.631 +02:00 [INF] my key is 340
2020-06-03 16:00:05.809 +02:00 [ERR] Connection timed out
System.Exception: Connection timed out
   at RelaySocket.MessageSocket.Connect(IPEndPoint endpoint) in /Users/twanbolwerk/Documents/dev/project/confidential-messaging/Mobile/NetwerkApplicatie/Main/DHT/DHT/DistributedChordNetwork/MessageSocket.cs:line 76
   at DHT.DhtRelayServiceAdapter.Connect(NodeDto connectingNode) in /Users/twanbolwerk/Documents/dev/project/confidential-messaging/Mobile/NetwerkApplicatie/Main/DHT/DHT/DistributedChordNetwork/DhtRelayServiceAdapter.cs:line 47
2020-06-03 16:00:15.660 +02:00 [ERR] Connection timed out
System.Exception: Connection timed out
   at RelaySocket.MessageSocket.Connect(IPEndPoint endpoint) in /Users/twanbolwerk/Documents/dev/project/confidential-messaging/Mobile/NetwerkApplicatie/Main/DHT/DHT/DistributedChordNetwork/MessageSocket.cs:line 76
   at DHT.DhtRelayServiceAdapter.Connect(NodeDto connectingNode) in /Users/twanbolwerk/Documents/dev/project/confidential-messaging/Mobile/NetwerkApplicatie/Main/DHT/DHT/DistributedChordNetwork/DhtRelayServiceAdapter.cs:line 47
2020-06-04 08:15:01.748 +02:00 [INF] my key is 340
2020-06-04 08:15:56.792 +02:00 [ERR] Connection timed out
System.Exception: Connection timed out
   at RelaySocket.MessageSocket.Connect(IPEndPoint endpoint) in /Users/twanbolwerk/Documents/dev/project/confidential-messaging/Mobile/NetwerkApplicatie/Main/DHT/DHT/DistributedChordNetwork/MessageSocket.cs:line 76
   at DHT.DhtRelayServiceAdapter.Connect(NodeDto connectingNode) in /Users/twanbolwerk/Documents/dev/project/confidential-messaging/Mobile/NetwerkApplicatie/Main/DHT/DHT/DistributedChordNetwork/DhtRelayServiceAdapter.cs:line 47
2020-06-04 08:16:01.898 +02:00 [ERR] Connection timed out
System.Exception: Connection timed out
   at RelaySocket.MessageSocket.Connect(IPEndPoint endpoint) in /Users/twanbolwerk/Documents/dev/project/confidential-messaging/Mobile/NetwerkApplicatie/Main/DHT/DHT/DistributedChordNetwork/MessageSocket.cs:line 76
   at DHT.DhtRelayServiceAdapter.Connect(NodeDto connectingNode) in /Users/twanbolwerk/Documents/dev/project/confidential-messaging/Mobile/NetwerkApplicatie/Main/DHT/DHT/DistributedChordNetwork/DhtRelayServiceAdapter.cs:line 47
2020-06-04 08:16:06.937 +02:00 [ERR] Connection timed out
System.Exception: Connection timed out
   at RelaySocket.MessageSocket.Connect(IPEndPoint endpoint) in /Users/twanbolwerk/Documents/dev/project/confidential-messaging/Mobile/NetwerkApplicatie/Main/DHT/DHT/DistributedChordNetwork/MessageSocket.cs:line 76
   at DHT.DhtRelayServiceAdapter.Connect(NodeDto connectingNode) in /Users/twanbolwerk/Documents/dev/project/confidential-messaging/Mobile/NetwerkApplicatie/Main/DHT/DHT/DistributedChordNetwork/DhtRelayServiceAdapter.cs:line 47
2020-06-04 08:16:12.024 +02:00 [ERR] Connection timed out
System.Exception: Connection timed out
   at RelaySocket.MessageSocket.Connect(IPEndPoint endpoint) in /Users/twanbolwerk/Documents/dev/project/confidential-messaging/Mobile/NetwerkApplicatie/Main/DHT/DHT/DistributedChordNetwork/MessageSocket.cs:line 76
   at DHT.DhtRelayServiceAdapter.Connect(NodeDto connectingNode) in /Users/twanbolwerk/Documents/dev/project/confidential-messaging/Mobile/NetwerkApplicatie/Main/DHT/DHT/DistributedChordNetwork/DhtRelayServiceAdapter.cs:line 47
2020-06-04 08:16:17.043 +02:00 [ERR] Connection timed out
System.Exception: Connection timed out
   at RelaySocket.MessageSocket.Connect(IPEndPoint endpoint) in /Users/twanbolwerk/Documents/dev/project/confidential-messaging/Mobile/NetwerkApplicatie/Main/DHT/DHT/DistributedChordNetwork/MessageSocket.cs:line 76
   at DHT.DhtRelayServiceAdapter.Connect(NodeDto connectingNode) in /Users/twanbolwerk/Documents/dev/project/confidential-messaging/Mobile/NetwerkApplicatie/Main/DHT/DHT/DistributedChordNetwork/DhtRelayServiceAdapter.cs:line 47
2020-06-04 08:16:22.052 +02:00 [ERR] Connection timed out
System.Exception: Connection timed out
   at RelaySocket.MessageSocket.Connect(IPEndPoint endpoint) in /Users/twanbolwerk/Documents/dev/project/confidential-messaging/Mobile/NetwerkApplicatie/Main/DHT/DHT/DistributedChordNetwork/MessageSocket.cs:line 76
   at DHT.DhtRelayServiceAdapter.Connect(NodeDto connectingNode) in /Users/twanbolwerk/Documents/dev/project/confidential-messaging/Mobile/NetwerkApplicatie/Main/DHT/DHT/DistributedChordNetwork/DhtRelayServiceAdapter.cs:line 47
2020-06-04 08:16:27.066 +02:00 [ERR] Connection timed out
System.Exception: Connection timed out
   at RelaySocket.MessageSocket.Connect(IPEndPoint endpoint) in /Users/twanbolwerk/Documents/dev/project/confidential-messaging/Mobile/NetwerkApplicatie/Main/DHT/DHT/DistributedChordNetwork/MessageSocket.cs:line 76
   at DHT.DhtRelayServiceAdapter.Connect(NodeDto connectingNode) in /Users/twanbolwerk/Documents/dev/project/confidential-messaging/Mobile/NetwerkApplicatie/Main/DHT/DHT/DistributedChordNetwork/DhtRelayServiceAdapter.cs:line 47
2020-06-04 08:16:32.158 +02:00 [ERR] Connection timed out
System.Exception: Connection timed out
   at RelaySocket.MessageSocket.Connect(IPEndPoint endpoint) in /Users/twanbolwerk/Documents/dev/project/confidential-messaging/Mobile/NetwerkApplicatie/Main/DHT/DHT/DistributedChordNetwork/MessageSocket.cs:line 76
   at DHT.DhtRelayServiceAdapter.Connect(NodeDto connectingNode) in /Users/twanbolwerk/Documents/dev/project/confidential-messaging/Mobile/NetwerkApplicatie/Main/DHT/DHT/DistributedChordNetwork/DhtRelayServiceAdapter.cs:line 47
2020-06-04 08:16:37.168 +02:00 [ERR] Connection timed out
System.Exception: Connection timed out
   at RelaySocket.MessageSocket.Connect(IPEndPoint endpoint) in /Users/twanbolwerk/Documents/dev/project/confidential-messaging/Mobile/NetwerkApplicatie/Main/DHT/DHT/DistributedChordNetwork/MessageSocket.cs:line 76
   at DHT.DhtRelayServiceAdapter.Connect(NodeDto connectingNode) in /Users/twanbolwerk/Documents/dev/project/confidential-messaging/Mobile/NetwerkApplicatie/Main/DHT/DHT/DistributedChordNetwork/DhtRelayServiceAdapter.cs:line 47
2020-06-04 08:16:42.178 +02:00 [ERR] Connection timed out
System.Exception: Connection timed out
   at RelaySocket.MessageSocket.Connect(IPEndPoint endpoint) in /Users/twanbolwerk/Documents/dev/project/confidential-messaging/Mobile/NetwerkApplicatie/Main/DHT/DHT/DistributedChordNetwork/MessageSocket.cs:line 76
   at DHT.DhtRelayServiceAdapter.Connect(NodeDto connectingNode) in /Users/twanbolwerk/Documents/dev/project/confidential-messaging/Mobile/NetwerkApplicatie/Main/DHT/DHT/DistributedChordNetwork/DhtRelayServiceAdapter.cs:line 47
2020-06-04 08:16:47.198 +02:00 [ERR] Connection timed out
System.Exception: Connection timed out
   at RelaySocket.MessageSocket.Connect(IPEndPoint endpoint) in /Users/twanbolwerk/Documents/dev/project/confidential-messaging/Mobile/NetwerkApplicatie/Main/DHT/DHT/DistributedChordNetwork/MessageSocket.cs:line 76
   at DHT.DhtRelayServiceAdapter.Connect(NodeDto connectingNode) in /Users/twanbolwerk/Documents/dev/project/confidential-messaging/Mobile/NetwerkApplicatie/Main/DHT/DHT/DistributedChordNetwork/DhtRelayServiceAdapter.cs:line 47
2020-06-04 08:16:56.808 +02:00 [ERR] Connection timed out
System.Exception: Connection timed out
   at RelaySocket.MessageSocket.Connect(IPEndPoint endpoint) in /Users/twanbolwerk/Documents/dev/project/confidential-messaging/Mobile/NetwerkApplicatie/Main/DHT/DHT/DistributedChordNetwork/MessageSocket.cs:line 76
   at DHT.DhtRelayServiceAdapter.Connect(NodeDto connectingNode) in /Users/twanbolwerk/Documents/dev/project/confidential-messaging/Mobile/NetwerkApplicatie/Main/DHT/DHT/DistributedChordNetwork/DhtRelayServiceAdapter.cs:line 47
2020-06-04 08:17:01.838 +02:00 [ERR] Connection timed out
System.Exception: Connection timed out
   at RelaySocket.MessageSocket.Connect(IPEndPoint endpoint) in /Users/twanbolwerk/Documents/dev/project/confidential-messaging/Mobile/NetwerkApplicatie/Main/DHT/DHT/DistributedChordNetwork/MessageSocket.cs:line 76
   at DHT.DhtRelayServiceAdapter.Connect(NodeDto connectingNode) in /Users/twanbolwerk/Documents/dev/project/confidential-messaging/Mobile/NetwerkApplicatie/Main/DHT/DHT/DistributedChordNetwork/DhtRelayServiceAdapter.cs:line 47
2020-06-04 08:17:06.860 +02:00 [ERR] Connection timed out
System.Exception: Connection timed out
   at RelaySocket.MessageSocket.Connect(IPEndPoint endpoint) in /Users/twanbolwerk/Documents/dev/project/confidential-messaging/Mobile/NetwerkApplicatie/Main/DHT/DHT/DistributedChordNetwork/MessageSocket.cs:line 76
   at DHT.DhtRelayServiceAdapter.Connect(NodeDto connectingNode) in /Users/twanbolwerk/Documents/dev/project/confidential-messaging/Mobile/NetwerkApplicatie/Main/DHT/DHT/DistributedChordNetwork/DhtRelayServiceAdapter.cs:line 47
2020-06-04 08:17:11.882 +02:00 [ERR] Connection timed out
System.Exception: Connection timed out
   at RelaySocket.MessageSocket.Connect(IPEndPoint endpoint) in /Users/twanbolwerk/Documents/dev/project/confidential-messaging/Mobile/NetwerkApplicatie/Main/DHT/DHT/DistributedChordNetwork/MessageSocket.cs:line 76
   at DHT.DhtRelayServiceAdapter.Connect(NodeDto connectingNode) in /Users/twanbolwerk/Documents/dev/project/confidential-messaging/Mobile/NetwerkApplicatie/Main/DHT/DHT/DistributedChordNetwork/DhtRelayServiceAdapter.cs:line 47
2020-06-04 08:17:16.919 +02:00 [ERR] Connection timed out
System.Exception: Connection timed out
   at RelaySocket.MessageSocket.Connect(IPEndPoint endpoint) in /Users/twanbolwerk/Documents/dev/project/confidential-messaging/Mobile/NetwerkApplicatie/Main/DHT/DHT/DistributedChordNetwork/MessageSocket.cs:line 76
   at DHT.DhtRelayServiceAdapter.Connect(NodeDto connectingNode) in /Users/twanbolwerk/Documents/dev/project/confidential-messaging/Mobile/NetwerkApplicatie/Main/DHT/DHT/DistributedChordNetwork/DhtRelayServiceAdapter.cs:line 47
2020-06-04 08:17:21.965 +02:00 [ERR] Connection timed out
System.Exception: Connection timed out
   at RelaySocket.MessageSocket.Connect(IPEndPoint endpoint) in /Users/twanbolwerk/Documents/dev/project/confidential-messaging/Mobile/NetwerkApplicatie/Main/DHT/DHT/DistributedChordNetwork/MessageSocket.cs:line 76
   at DHT.DhtRelayServiceAdapter.Connect(NodeDto connectingNode) in /Users/twanbolwerk/Documents/dev/project/confidential-messaging/Mobile/NetwerkApplicatie/Main/DHT/DHT/DistributedChordNetwork/DhtRelayServiceAdapter.cs:line 47
2020-06-04 08:17:26.993 +02:00 [ERR] Connection timed out
System.Exception: Connection timed out
   at RelaySocket.MessageSocket.Connect(IPEndPoint endpoint) in /Users/twanbolwerk/Documents/dev/project/confidential-messaging/Mobile/NetwerkApplicatie/Main/DHT/DHT/DistributedChordNetwork/MessageSocket.cs:line 76
   at DHT.DhtRelayServiceAdapter.Connect(NodeDto connectingNode) in /Users/twanbolwerk/Documents/dev/project/confidential-messaging/Mobile/NetwerkApplicatie/Main/DHT/DHT/DistributedChordNetwork/DhtRelayServiceAdapter.cs:line 47
2020-06-04 08:17:32.011 +02:00 [ERR] Connection timed out
System.Exception: Connection timed out
   at RelaySocket.MessageSocket.Connect(IPEndPoint endpoint) in /Users/twanbolwerk/Documents/dev/project/confidential-messaging/Mobile/NetwerkApplicatie/Main/DHT/DHT/DistributedChordNetwork/MessageSocket.cs:line 76
   at DHT.DhtRelayServiceAdapter.Connect(NodeDto connectingNode) in /Users/twanbolwerk/Documents/dev/project/confidential-messaging/Mobile/NetwerkApplicatie/Main/DHT/DHT/DistributedChordNetwork/DhtRelayServiceAdapter.cs:line 47
2020-06-04 08:17:37.142 +02:00 [ERR] Connection timed out
System.Exception: Connection timed out
   at RelaySocket.MessageSocket.Connect(IPEndPoint endpoint) in /Users/twanbolwerk/Documents/dev/project/confidential-messaging/Mobile/NetwerkApplicatie/Main/DHT/DHT/DistributedChordNetwork/MessageSocket.cs:line 76
   at DHT.DhtRelayServiceAdapter.Connect(NodeDto connectingNode) in /Users/twanbolwerk/Documents/dev/project/confidential-messaging/Mobile/NetwerkApplicatie/Main/DHT/DHT/DistributedChordNetwork/DhtRelayServiceAdapter.cs:line 47
2020-06-04 08:17:42.164 +02:00 [ERR] Connection timed out
System.Exception: Connection timed out
   at RelaySocket.MessageSocket.Connect(IPEndPoint endpoint) in /Users/twanbolwerk/Documents/dev/project/confidential-messaging/Mobile/NetwerkApplicatie/Main/DHT/DHT/DistributedChordNetwork/MessageSocket.cs:line 76
   at DHT.DhtRelayServiceAdapter.Connect(NodeDto connectingNode) in /Users/twanbolwerk/Documents/dev/project/confidential-messaging/Mobile/NetwerkApplicatie/Main/DHT/DHT/DistributedChordNetwork/DhtRelayServiceAdapter.cs:line 47
2020-06-04 08:17:47.171 +02:00 [ERR] Connection timed out
System.Exception: Connection timed out
   at RelaySocket.MessageSocket.Connect(IPEndPoint endpoint) in /Users/twanbolwerk/Documents/dev/project/confidential-messaging/Mobile/NetwerkApplicatie/Main/DHT/DHT/DistributedChordNetwork/MessageSocket.cs:line 76
   at DHT.DhtRelayServiceAdapter.Connect(NodeDto connectingNode) in /Users/twanbolwerk/Documents/dev/project/confidential-messaging/Mobile/NetwerkApplicatie/Main/DHT/DHT/DistributedChordNetwork/DhtRelayServiceAdapter.cs:line 47
2020-06-04 08:17:52.178 +02:00 [ERR] Connection timed out
System.Exception: Connection timed out
   at RelaySocket.MessageSocket.Connect(IPEndPoint endpoint) in /Users/twanbolwerk/Documents/dev/project/confidential-messaging/Mobile/NetwerkApplicatie/Main/DHT/DHT/DistributedChordNetwork/MessageSocket.cs:line 76
   at DHT.DhtRelayServiceAdapter.Connect(NodeDto connectingNode) in /Users/twanbolwerk/Documents/dev/project/confidential-messaging/Mobile/NetwerkApplicatie/Main/DHT/DHT/DistributedChordNetwork/DhtRelayServiceAdapter.cs:line 47
2020-06-04 08:17:57.208 +02:00 [ERR] Connection timed out
System.Exception: Connection timed out
   at RelaySocket.MessageSocket.Connect(IPEndPoint endpoint) in /Users/twanbolwerk/Documents/dev/project/confidential-messaging/Mobile/NetwerkApplicatie/Main/DHT/DHT/DistributedChordNetwork/MessageSocket.cs:line 76
   at DHT.DhtRelayServiceAdapter.Connect(NodeDto connectingNode) in /Users/twanbolwerk/Documents/dev/project/confidential-messaging/Mobile/NetwerkApplicatie/Main/DHT/DHT/DistributedChordNetwork/DhtRelayServiceAdapter.cs:line 47
2020-06-04 08:18:02.232 +02:00 [ERR] Connection timed out
System.Exception: Connection timed out
   at RelaySocket.MessageSocket.Connect(IPEndPoint endpoint) in /Users/twanbolwerk/Documents/dev/project/confidential-messaging/Mobile/NetwerkApplicatie/Main/DHT/DHT/DistributedChordNetwork/MessageSocket.cs:line 76
   at DHT.DhtRelayServiceAdapter.Connect(NodeDto connectingNode) in /Users/twanbolwerk/Documents/dev/project/confidential-messaging/Mobile/NetwerkApplicatie/Main/DHT/DHT/DistributedChordNetwork/DhtRelayServiceAdapter.cs:line 47
2020-06-04 08:18:07.266 +02:00 [ERR] Connection timed out
System.Exception: Connection timed out
   at RelaySocket.MessageSocket.Connect(IPEndPoint endpoint) in /Users/twanbolwerk/Documents/dev/project/confidential-messaging/Mobile/NetwerkApplicatie/Main/DHT/DHT/DistributedChordNetwork/MessageSocket.cs:line 76
   at DHT.DhtRelayServiceAdapter.Connect(NodeDto connectingNode) in /Users/twanbolwerk/Documents/dev/project/confidential-messaging/Mobile/NetwerkApplicatie/Main/DHT/DHT/DistributedChordNetwork/DhtRelayServiceAdapter.cs:line 47
2020-06-04 08:18:12.303 +02:00 [ERR] Connection timed out
System.Exception: Connection timed out
   at RelaySocket.MessageSocket.Connect(IPEndPoint endpoint) in /Users/twanbolwerk/Documents/dev/project/confidential-messaging/Mobile/NetwerkApplicatie/Main/DHT/DHT/DistributedChordNetwork/MessageSocket.cs:line 76
   at DHT.DhtRelayServiceAdapter.Connect(NodeDto connectingNode) in /Users/twanbolwerk/Documents/dev/project/confidential-messaging/Mobile/NetwerkApplicatie/Main/DHT/DHT/DistributedChordNetwork/DhtRelayServiceAdapter.cs:line 47
2020-06-04 08:18:17.328 +02:00 [ERR] Connection timed out
System.Exception: Connection timed out
   at RelaySocket.MessageSocket.Connect(IPEndPoint endpoint) in /Users/twanbolwerk/Documents/dev/project/confidential-messaging/Mobile/NetwerkApplicatie/Main/DHT/DHT/DistributedChordNetwork/MessageSocket.cs:line 76
   at DHT.DhtRelayServiceAdapter.Connect(NodeDto connectingNode) in /Users/twanbolwerk/Documents/dev/project/confidential-messaging/Mobile/NetwerkApplicatie/Main/DHT/DHT/DistributedChordNetwork/DhtRelayServiceAdapter.cs:line 47
2020-06-04 08:25:51.256 +02:00 [INF] my key is 340
2020-06-04 08:34:27.082 +02:00 [ERR] Connection timed out
System.Exception: Connection timed out
   at RelaySocket.MessageSocket.Connect(IPEndPoint endpoint) in /Users/twanbolwerk/Documents/dev/project/confidential-messaging/Mobile/NetwerkApplicatie/Main/DHT/DHT/DistributedChordNetwork/MessageSocket.cs:line 76
   at DHT.DhtRelayServiceAdapter.Connect(NodeDto connectingNode) in /Users/twanbolwerk/Documents/dev/project/confidential-messaging/Mobile/NetwerkApplicatie/Main/DHT/DHT/DistributedChordNetwork/DhtRelayServiceAdapter.cs:line 47
2020-06-04 09:17:58.343 +02:00 [INF] my key is 172
2020-06-04 14:55:24.527 +02:00 [INF] my key is 340
2020-06-04 15:03:15.812 +02:00 [INF] my key is 340
2020-06-04 15:29:13.845 +02:00 [INF] my key is 340
2020-06-04 15:30:59.380 +02:00 [INF] my key is 340
2020-06-04 15:33:03.594 +02:00 [INF] my key is 340
2020-06-04 15:35:28.534 +02:00 [INF] my key is 340
2020-06-04 15:44:52.958 +02:00 [INF] my key is 340
2020-06-04 15:46:51.995 +02:00 [INF] my key is 340
2020-06-04 15:53:34.790 +02:00 [INF] my key is 340
2020-06-04 15:57:45.628 +02:00 [INF] my key is 340
2020-06-04 16:00:46.216 +02:00 [INF] my key is 340
2020-06-04 16:17:43.886 +02:00 [INF] my key is 340
2020-06-04 16:19:40.015 +02:00 [INF] my key is 340
2020-06-04 16:21:43.981 +02:00 [INF] my key is 340
2020-06-04 16:28:24.174 +02:00 [INF] my key is 340
2020-06-04 16:29:36.789 +02:00 [INF] my key is 340
2020-06-04 17:12:58.508 +02:00 [INF] my key is 340
2020-06-04 17:25:25.784 +02:00 [INF] my key is 340
2020-06-04 17:33:43.309 +02:00 [INF] my key is 340
2020-06-04 17:36:34.725 +02:00 [INF] my key is 340
2020-06-05 17:06:32.892 +02:00 [INF] my key is 340
2020-06-05 17:11:28.857 +02:00 [INF] my key is 340
